<?xml version="1.0" encoding="UTF-8"?>
<coverage generated="1776866902626" clover="3.2.0">
  <project timestamp="1776866902627" name="All files">
    <metrics statements="164" coveredstatements="158" conditionals="123" coveredconditionals="95" methods="62" coveredmethods="57" elements="349" coveredelements="310" complexity="0" loc="164" ncloc="164" packages="6" files="26" classes="26"/>
    <package name="components">
      <metrics statements="66" coveredstatements="62" conditionals="59" coveredconditionals="52" methods="29" coveredmethods="26"/>
      <file name="course-nav-bar.tsx" path="/Users/tomas_teixeira/Documents/LEIC/2A2S/ESOF/T2/components/course-nav-bar.tsx">
        <metrics statements="9" coveredstatements="9" conditionals="10" coveredconditionals="8" methods="3" coveredmethods="3"/>
        <line num="16" count="1" type="stmt"/>
        <line num="30" count="9" type="stmt"/>
        <line num="31" count="9" type="stmt"/>
        <line num="33" count="9" type="stmt"/>
        <line num="43" count="36" type="stmt"/>
        <line num="44" count="36" type="cond" truecount="2" falsecount="0"/>
        <line num="45" count="36" type="stmt"/>
        <line num="49" count="5" type="stmt"/>
        <line num="67" count="1" type="stmt"/>
      </file>
      <file name="course-section-shell.tsx" path="/Users/tomas_teixeira/Documents/LEIC/2A2S/ESOF/T2/components/course-section-shell.tsx">
        <metrics statements="18" coveredstatements="17" conditionals="19" coveredconditionals="17" methods="7" coveredmethods="7"/>
        <line num="15" count="6" type="cond" truecount="4" falsecount="1"/>
        <line num="17" count="0" type="stmt"/>
        <line num="19" count="2" type="stmt"/>
        <line num="21" count="2" type="stmt"/>
        <line num="23" count="1" type="stmt"/>
        <line num="25" count="1" type="stmt"/>
        <line num="29" count="1" type="stmt"/>
        <line num="57" count="13" type="stmt"/>
        <line num="58" count="13" type="stmt"/>
        <line num="59" count="13" type="stmt"/>
        <line num="61" count="13" type="stmt"/>
        <line num="69" count="1" type="stmt"/>
        <line num="87" count="1" type="stmt"/>
        <line num="112" count="65" type="stmt"/>
        <line num="113" count="65" type="stmt"/>
        <line num="118" count="7" type="cond" truecount="2" falsecount="0"/>
        <line num="119" count="6" type="stmt"/>
        <line num="148" count="13" type="stmt"/>
      </file>
      <file name="external-link.tsx" path="/Users/tomas_teixeira/Documents/LEIC/2A2S/ESOF/T2/components/external-link.tsx">
        <metrics statements="4" coveredstatements="4" conditionals="2" coveredconditionals="1" methods="2" coveredmethods="2"/>
        <line num="8" count="4" type="stmt"/>
        <line num="14" count="3" type="cond" truecount="1" falsecount="1"/>
        <line num="16" count="3" type="stmt"/>
        <line num="18" count="3" type="stmt"/>
      </file>
      <file name="haptic-tab.tsx" path="/Users/tomas_teixeira/Documents/LEIC/2A2S/ESOF/T2/components/haptic-tab.tsx">
        <metrics statements="4" coveredstatements="4" conditionals="2" coveredconditionals="1" methods="2" coveredmethods="2"/>
        <line num="6" count="1" type="stmt"/>
        <line num="10" count="1" type="cond" truecount="1" falsecount="1"/>
        <line num="12" count="1" type="stmt"/>
        <line num="14" count="1" type="stmt"/>
      </file>
      <file name="hello-wave.tsx" path="/Users/tomas_teixeira/Documents/LEIC/2A2S/ESOF/T2/components/hello-wave.tsx">
        <metrics statements="1" coveredstatements="1" conditionals="0" coveredconditionals="0" methods="1" coveredmethods="1"/>
        <line num="4" count="1" type="stmt"/>
      </file>
      <file name="material-list.tsx" path="/Users/tomas_teixeira/Documents/LEIC/2A2S/ESOF/T2/components/material-list.tsx">
        <metrics statements="16" coveredstatements="14" conditionals="13" coveredconditionals="13" methods="10" coveredmethods="8"/>
        <line num="10" count="4" type="stmt"/>
        <line num="13" count="20" type="stmt"/>
        <line num="31" count="7" type="stmt"/>
        <line num="32" count="7" type="stmt"/>
        <line num="34" count="7" type="stmt"/>
        <line num="35" count="7" type="stmt"/>
        <line num="36" count="0" type="stmt"/>
        <line num="39" count="7" type="cond" truecount="2" falsecount="0"/>
        <line num="40" count="2" type="stmt"/>
        <line num="48" count="5" type="stmt"/>
        <line num="51" count="18" type="stmt"/>
        <line num="53" count="13" type="stmt"/>
        <line num="55" count="0" type="stmt"/>
        <line num="78" count="1" type="stmt"/>
        <line num="90" count="8" type="stmt"/>
        <line num="97" count="7" type="stmt"/>
      </file>
      <file name="parallax-scroll-view.tsx" path="/Users/tomas_teixeira/Documents/LEIC/2A2S/ESOF/T2/components/parallax-scroll-view.tsx">
        <metrics statements="9" coveredstatements="8" conditionals="2" coveredconditionals="1" methods="2" coveredmethods="1"/>
        <line num="14" count="1" type="stmt"/>
        <line num="26" count="1" type="stmt"/>
        <line num="27" count="1" type="cond" truecount="1" falsecount="1"/>
        <line num="28" count="1" type="stmt"/>
        <line num="29" count="1" type="stmt"/>
        <line num="30" count="1" type="stmt"/>
        <line num="31" count="0" type="stmt"/>
        <line num="47" count="1" type="stmt"/>
        <line num="65" count="1" type="stmt"/>
      </file>
      <file name="themed-text.tsx" path="/Users/tomas_teixeira/Documents/LEIC/2A2S/ESOF/T2/components/themed-text.tsx">
        <metrics statements="3" coveredstatements="3" conditionals="11" coveredconditionals="11" methods="1" coveredmethods="1"/>
        <line num="18" count="9" type="stmt"/>
        <line num="20" count="9" type="stmt"/>
        <line num="36" count="1" type="stmt"/>
      </file>
      <file name="themed-view.tsx" path="/Users/tomas_teixeira/Documents/LEIC/2A2S/ESOF/T2/components/themed-view.tsx">
        <metrics statements="2" coveredstatements="2" conditionals="0" coveredconditionals="0" methods="1" coveredmethods="1"/>
        <line num="11" count="3" type="stmt"/>
        <line num="13" count="3" type="stmt"/>
      </file>
    </package>
    <package name="components.ui">
      <metrics statements="8" coveredstatements="6" conditionals="11" coveredconditionals="8" methods="5" coveredmethods="4"/>
      <file name="collapsible.tsx" path="/Users/tomas_teixeira/Documents/LEIC/2A2S/ESOF/T2/components/ui/collapsible.tsx">
        <metrics statements="5" coveredstatements="5" conditionals="8" coveredconditionals="7" methods="3" coveredmethods="3"/>
        <line num="11" count="9" type="stmt"/>
        <line num="12" count="9" type="cond" truecount="1" falsecount="1"/>
        <line num="14" count="9" type="stmt"/>
        <line num="18" count="4" type="stmt"/>
        <line num="35" count="1" type="stmt"/>
      </file>
      <file name="icon-symbol.ios.tsx" path="/Users/tomas_teixeira/Documents/LEIC/2A2S/ESOF/T2/components/ui/icon-symbol.ios.tsx">
        <metrics statements="1" coveredstatements="1" conditionals="2" coveredconditionals="1" methods="1" coveredmethods="1"/>
        <line num="19" count="7" type="stmt"/>
      </file>
      <file name="icon-symbol.tsx" path="/Users/tomas_teixeira/Documents/LEIC/2A2S/ESOF/T2/components/ui/icon-symbol.tsx">
        <metrics statements="2" coveredstatements="0" conditionals="1" coveredconditionals="0" methods="1" coveredmethods="0"/>
        <line num="16" count="0" type="stmt"/>
        <line num="42" count="0" type="stmt"/>
      </file>
    </package>
    <package name="constants">
      <metrics statements="11" coveredstatements="11" conditionals="0" coveredconditionals="0" methods="0" coveredmethods="0"/>
      <file name="courses.ts" path="/Users/tomas_teixeira/Documents/LEIC/2A2S/ESOF/T2/constants/courses.ts">
        <metrics statements="4" coveredstatements="4" conditionals="0" coveredconditionals="0" methods="0" coveredmethods="0"/>
        <line num="39" count="1" type="stmt"/>
        <line num="66" count="1" type="stmt"/>
        <line num="84" count="1" type="stmt"/>
        <line num="95" count="1" type="stmt"/>
      </file>
      <file name="theme.ts" path="/Users/tomas_teixeira/Documents/LEIC/2A2S/ESOF/T2/constants/theme.ts">
        <metrics statements="6" coveredstatements="6" conditionals="0" coveredconditionals="0" methods="0" coveredmethods="0"/>
        <line num="45" count="14" type="stmt"/>
        <line num="77" count="14" type="stmt"/>
        <line num="110" count="14" type="stmt"/>
        <line num="111" count="14" type="stmt"/>
        <line num="113" count="14" type="stmt"/>
        <line num="132" count="14" type="stmt"/>
      </file>
      <file name="user.ts" path="/Users/tomas_teixeira/Documents/LEIC/2A2S/ESOF/T2/constants/user.ts">
        <metrics statements="1" coveredstatements="1" conditionals="0" coveredconditionals="0" methods="0" coveredmethods="0"/>
        <line num="1" count="1" type="stmt"/>
      </file>
    </package>
    <package name="contexts">
      <metrics statements="15" coveredstatements="15" conditionals="11" coveredconditionals="11" methods="6" coveredmethods="5"/>
      <file name="theme-context.tsx" path="/Users/tomas_teixeira/Documents/LEIC/2A2S/ESOF/T2/contexts/theme-context.tsx">
        <metrics statements="15" coveredstatements="15" conditionals="11" coveredconditionals="11" methods="6" coveredmethods="5"/>
        <line num="14" count="4" type="stmt"/>
        <line num="16" count="4" type="stmt"/>
        <line num="23" count="6" type="stmt"/>
        <line num="24" count="6" type="stmt"/>
        <line num="27" count="6" type="stmt"/>
        <line num="28" count="4" type="stmt"/>
        <line num="29" count="4" type="cond" truecount="5" falsecount="0"/>
        <line num="30" count="1" type="stmt"/>
        <line num="35" count="6" type="stmt"/>
        <line num="36" count="1" type="stmt"/>
        <line num="37" count="1" type="stmt"/>
        <line num="40" count="6" type="cond" truecount="4" falsecount="0"/>
        <line num="41" count="6" type="cond" truecount="2" falsecount="0"/>
        <line num="43" count="6" type="stmt"/>
        <line num="51" count="6" type="stmt"/>
      </file>
    </package>
    <package name="hooks">
      <metrics statements="13" coveredstatements="13" conditionals="6" coveredconditionals="6" methods="4" coveredmethods="4"/>
      <file name="use-app-theme.ts" path="/Users/tomas_teixeira/Documents/LEIC/2A2S/ESOF/T2/hooks/use-app-theme.ts">
        <metrics statements="1" coveredstatements="1" conditionals="0" coveredconditionals="0" methods="1" coveredmethods="1"/>
        <line num="5" count="1" type="stmt"/>
      </file>
      <file name="use-color-scheme.ts" path="/Users/tomas_teixeira/Documents/LEIC/2A2S/ESOF/T2/hooks/use-color-scheme.ts">
        <metrics statements="0" coveredstatements="0" conditionals="0" coveredconditionals="0" methods="0" coveredmethods="0"/>
      </file>
      <file name="use-color-scheme.web.ts" path="/Users/tomas_teixeira/Documents/LEIC/2A2S/ESOF/T2/hooks/use-color-scheme.web.ts">
        <metrics statements="7" coveredstatements="7" conditionals="2" coveredconditionals="2" methods="2" coveredmethods="2"/>
        <line num="8" count="2" type="stmt"/>
        <line num="10" count="2" type="stmt"/>
        <line num="11" count="1" type="stmt"/>
        <line num="14" count="2" type="stmt"/>
        <line num="16" count="2" type="cond" truecount="2" falsecount="0"/>
        <line num="17" count="1" type="stmt"/>
        <line num="20" count="1" type="stmt"/>
      </file>
      <file name="use-theme-color.ts" path="/Users/tomas_teixeira/Documents/LEIC/2A2S/ESOF/T2/hooks/use-theme-color.ts">
        <metrics statements="5" coveredstatements="5" conditionals="4" coveredconditionals="4" methods="1" coveredmethods="1"/>
        <line num="13" count="6" type="cond" truecount="2" falsecount="0"/>
        <line num="14" count="6" type="stmt"/>
        <line num="16" count="6" type="cond" truecount="2" falsecount="0"/>
        <line num="17" count="1" type="stmt"/>
        <line num="19" count="5" type="stmt"/>
      </file>
    </package>
    <package name="services">
      <metrics statements="51" coveredstatements="51" conditionals="36" coveredconditionals="18" methods="18" coveredmethods="18"/>
      <file name="bookmarks.ts" path="/Users/tomas_teixeira/Documents/LEIC/2A2S/ESOF/T2/services/bookmarks.ts">
        <metrics statements="8" coveredstatements="8" conditionals="6" coveredconditionals="3" methods="3" coveredmethods="3"/>
        <line num="4" count="4" type="stmt"/>
        <line num="9" count="3" type="cond" truecount="1" falsecount="1"/>
        <line num="10" count="3" type="stmt"/>
        <line num="14" count="4" type="stmt"/>
        <line num="19" count="3" type="cond" truecount="1" falsecount="1"/>
        <line num="20" count="3" type="stmt"/>
        <line num="24" count="2" type="stmt"/>
        <line num="29" count="1" type="cond" truecount="1" falsecount="1"/>
      </file>
      <file name="courses.ts" path="/Users/tomas_teixeira/Documents/LEIC/2A2S/ESOF/T2/services/courses.ts">
        <metrics statements="6" coveredstatements="6" conditionals="4" coveredconditionals="2" methods="2" coveredmethods="2"/>
        <line num="4" count="5" type="stmt"/>
        <line num="8" count="4" type="cond" truecount="1" falsecount="1"/>
        <line num="9" count="4" type="stmt"/>
        <line num="13" count="4" type="stmt"/>
        <line num="18" count="3" type="cond" truecount="1" falsecount="1"/>
        <line num="19" count="3" type="stmt"/>
      </file>
      <file name="materials.ts" path="/Users/tomas_teixeira/Documents/LEIC/2A2S/ESOF/T2/services/materials.ts">
        <metrics statements="9" coveredstatements="9" conditionals="6" coveredconditionals="3" methods="3" coveredmethods="3"/>
        <line num="4" count="4" type="stmt"/>
        <line num="9" count="3" type="cond" truecount="1" falsecount="1"/>
        <line num="10" count="3" type="stmt"/>
        <line num="14" count="7" type="stmt"/>
        <line num="19" count="6" type="cond" truecount="1" falsecount="1"/>
        <line num="20" count="6" type="stmt"/>
        <line num="32" count="3" type="stmt"/>
        <line num="37" count="2" type="cond" truecount="1" falsecount="1"/>
        <line num="38" count="2" type="stmt"/>
      </file>
      <file name="reviews.ts" path="/Users/tomas_teixeira/Documents/LEIC/2A2S/ESOF/T2/services/reviews.ts">
        <metrics statements="8" coveredstatements="8" conditionals="6" coveredconditionals="3" methods="3" coveredmethods="3"/>
        <line num="4" count="3" type="stmt"/>
        <line num="9" count="2" type="cond" truecount="1" falsecount="1"/>
        <line num="10" count="2" type="stmt"/>
        <line num="19" count="5" type="stmt"/>
        <line num="24" count="4" type="cond" truecount="1" falsecount="1"/>
        <line num="25" count="4" type="stmt"/>
        <line num="29" count="2" type="stmt"/>
        <line num="33" count="1" type="cond" truecount="1" falsecount="1"/>
      </file>
      <file name="subscriptions.ts" path="/Users/tomas_teixeira/Documents/LEIC/2A2S/ESOF/T2/services/subscriptions.ts">
        <metrics statements="8" coveredstatements="8" conditionals="6" coveredconditionals="3" methods="3" coveredmethods="3"/>
        <line num="4" count="3" type="stmt"/>
        <line num="9" count="2" type="cond" truecount="1" falsecount="1"/>
        <line num="10" count="2" type="stmt"/>
        <line num="14" count="3" type="stmt"/>
        <line num="19" count="2" type="cond" truecount="1" falsecount="1"/>
        <line num="20" count="2" type="stmt"/>
        <line num="24" count="2" type="stmt"/>
        <line num="29" count="1" type="cond" truecount="1" falsecount="1"/>
      </file>
      <file name="threads.ts" path="/Users/tomas_teixeira/Documents/LEIC/2A2S/ESOF/T2/services/threads.ts">
        <metrics statements="12" coveredstatements="12" conditionals="8" coveredconditionals="4" methods="4" coveredmethods="4"/>
        <line num="4" count="3" type="stmt"/>
        <line num="9" count="2" type="cond" truecount="1" falsecount="1"/>
        <line num="10" count="2" type="stmt"/>
        <line num="19" count="3" type="stmt"/>
        <line num="24" count="2" type="cond" truecount="1" falsecount="1"/>
        <line num="25" count="2" type="stmt"/>
        <line num="29" count="4" type="stmt"/>
        <line num="34" count="3" type="cond" truecount="1" falsecount="1"/>
        <line num="35" count="3" type="stmt"/>
        <line num="43" count="2" type="stmt"/>
        <line num="48" count="1" type="cond" truecount="1" falsecount="1"/>
        <line num="49" count="1" type="stmt"/>
      </file>
    </package>
  </project>
</coverage>
