{"/Users/tomas_teixeira/Documents/LEIC/2A2S/ESOF/T2/components/course-nav-bar.tsx": {"path":"/Users/tomas_teixeira/Documents/LEIC/2A2S/ESOF/T2/components/course-nav-bar.tsx","statementMap":{"0":{"start":{"line":16,"column":29},"end":{"line":21,"column":1}},"1":{"start":{"line":30,"column":12},"end":{"line":30,"column":25}},"2":{"start":{"line":31,"column":17},"end":{"line":31,"column":28}},"3":{"start":{"line":33,"column":2},"end":{"line":64,"column":4}},"4":{"start":{"line":43,"column":24},"end":{"line":43,"column":46}},"5":{"start":{"line":44,"column":22},"end":{"line":44,"column":59}},"6":{"start":{"line":45,"column":8},"end":{"line":61,"column":10}},"7":{"start":{"line":49,"column":27},"end":{"line":49,"column":73}},"8":{"start":{"line":67,"column":15},"end":{"line":94,"column":2}}},"fnMap":{"0":{"name":"CourseNavBar","decl":{"start":{"line":29,"column":16},"end":{"line":29,"column":28}},"loc":{"start":{"line":29,"column":61},"end":{"line":65,"column":1}},"line":29},"1":{"name":"(anonymous_1)","decl":{"start":{"line":42,"column":21},"end":{"line":42,"column":22}},"loc":{"start":{"line":42,"column":31},"end":{"line":62,"column":7}},"line":42},"2":{"name":"(anonymous_2)","decl":{"start":{"line":49,"column":21},"end":{"line":49,"column":22}},"loc":{"start":{"line":49,"column":27},"end":{"line":49,"column":73}},"line":49}},"branchMap":{"0":{"loc":{"start":{"line":39,"column":21},"end":{"line":39,"column":53}},"type":"cond-expr","locations":[{"start":{"line":39,"column":32},"end":{"line":39,"column":44}},{"start":{"line":39,"column":47},"end":{"line":39,"column":53}}],"line":39},"1":{"loc":{"start":{"line":44,"column":22},"end":{"line":44,"column":59}},"type":"cond-expr","locations":[{"start":{"line":44,"column":32},"end":{"line":44,"column":43}},{"start":{"line":44,"column":46},"end":{"line":44,"column":59}}],"line":44},"2":{"loc":{"start":{"line":54,"column":20},"end":{"line":54,"column":58}},"type":"cond-expr","locations":[{"start":{"line":54,"column":30},"end":{"line":54,"column":46}},{"start":{"line":54,"column":49},"end":{"line":54,"column":58}}],"line":54},"3":{"loc":{"start":{"line":59,"column":13},"end":{"line":59,"column":87}},"type":"binary-expr","locations":[{"start":{"line":59,"column":13},"end":{"line":59,"column":20}},{"start":{"line":59,"column":24},"end":{"line":59,"column":87}}],"line":59},"4":{"loc":{"start":{"line":71,"column":19},"end":{"line":71,"column":49}},"type":"cond-expr","locations":[{"start":{"line":71,"column":43},"end":{"line":71,"column":45}},{"start":{"line":71,"column":48},"end":{"line":71,"column":49}}],"line":71}},"s":{"0":1,"1":9,"2":9,"3":9,"4":36,"5":36,"6":36,"7":5,"8":1},"f":{"0":9,"1":36,"2":5},"b":{"0":[9,0],"1":[2,34],"2":[2,34],"3":[36,2],"4":[1,0]},"_coverageSchema":"1a1c01bbd47fc00a2c39e90264f33305004495a9","hash":"a9b26649fabe5768fe38b61a1f858f72dec0aaab"}
,"/Users/tomas_teixeira/Documents/LEIC/2A2S/ESOF/T2/components/course-section-shell.tsx": {"path":"/Users/tomas_teixeira/Documents/LEIC/2A2S/ESOF/T2/components/course-section-shell.tsx","statementMap":{"0":{"start":{"line":15,"column":2},"end":{"line":26,"column":3}},"1":{"start":{"line":17,"column":6},"end":{"line":17,"column":43}},"2":{"start":{"line":19,"column":6},"end":{"line":19,"column":47}},"3":{"start":{"line":21,"column":6},"end":{"line":21,"column":47}},"4":{"start":{"line":23,"column":6},"end":{"line":23,"column":42}},"5":{"start":{"line":25,"column":6},"end":{"line":25,"column":45}},"6":{"start":{"line":29,"column":20},"end":{"line":35,"column":1}},"7":{"start":{"line":57,"column":12},"end":{"line":57,"column":25}},"8":{"start":{"line":58,"column":17},"end":{"line":58,"column":28}},"9":{"start":{"line":59,"column":12},"end":{"line":59,"column":25}},"10":{"start":{"line":61,"column":2},"end":{"line":144,"column":4}},"11":{"start":{"line":69,"column":14},"end":{"line":76,"column":16}},"12":{"start":{"line":87,"column":27},"end":{"line":87,"column":43}},"13":{"start":{"line":112,"column":27},"end":{"line":112,"column":48}},"14":{"start":{"line":113,"column":12},"end":{"line":134,"column":14}},"15":{"start":{"line":118,"column":18},"end":{"line":127,"column":19}},"16":{"start":{"line":119,"column":20},"end":{"line":126,"column":23}},"17":{"start":{"line":148,"column":2},"end":{"line":235,"column":5}}},"fnMap":{"0":{"name":"getTabPath","decl":{"start":{"line":14,"column":9},"end":{"line":14,"column":19}},"loc":{"start":{"line":14,"column":39},"end":{"line":27,"column":1}},"line":14},"1":{"name":"CourseSectionShell","decl":{"start":{"line":48,"column":16},"end":{"line":48,"column":34}},"loc":{"start":{"line":56,"column":10},"end":{"line":145,"column":1}},"line":56},"2":{"name":"(anonymous_2)","decl":{"start":{"line":68,"column":21},"end":{"line":68,"column":22}},"loc":{"start":{"line":69,"column":14},"end":{"line":76,"column":16}},"line":69},"3":{"name":"(anonymous_3)","decl":{"start":{"line":87,"column":21},"end":{"line":87,"column":22}},"loc":{"start":{"line":87,"column":27},"end":{"line":87,"column":43}},"line":87},"4":{"name":"(anonymous_4)","decl":{"start":{"line":111,"column":20},"end":{"line":111,"column":21}},"loc":{"start":{"line":111,"column":29},"end":{"line":135,"column":11}},"line":111},"5":{"name":"(anonymous_5)","decl":{"start":{"line":117,"column":25},"end":{"line":117,"column":26}},"loc":{"start":{"line":117,"column":31},"end":{"line":128,"column":17}},"line":117},"6":{"name":"makeStyles","decl":{"start":{"line":147,"column":9},"end":{"line":147,"column":19}},"loc":{"start":{"line":147,"column":35},"end":{"line":236,"column":1}},"line":147}},"branchMap":{"0":{"loc":{"start":{"line":15,"column":2},"end":{"line":26,"column":3}},"type":"switch","locations":[{"start":{"line":16,"column":4},"end":{"line":17,"column":43}},{"start":{"line":18,"column":4},"end":{"line":19,"column":47}},{"start":{"line":20,"column":4},"end":{"line":21,"column":47}},{"start":{"line":22,"column":4},"end":{"line":23,"column":42}},{"start":{"line":24,"column":4},"end":{"line":25,"column":45}}],"line":15},"1":{"loc":{"start":{"line":74,"column":31},"end":{"line":74,"column":54}},"type":"binary-expr","locations":[{"start":{"line":74,"column":31},"end":{"line":74,"column":48}},{"start":{"line":74,"column":52},"end":{"line":74,"column":54}}],"line":74},"2":{"loc":{"start":{"line":94,"column":13},"end":{"line":103,"column":13}},"type":"binary-expr","locations":[{"start":{"line":94,"column":13},"end":{"line":94,"column":21}},{"start":{"line":95,"column":14},"end":{"line":102,"column":33}}],"line":94},"3":{"loc":{"start":{"line":116,"column":31},"end":{"line":116,"column":52}},"type":"binary-expr","locations":[{"start":{"line":116,"column":31},"end":{"line":116,"column":37}},{"start":{"line":116,"column":41},"end":{"line":116,"column":52}}],"line":116},"4":{"loc":{"start":{"line":118,"column":18},"end":{"line":127,"column":19}},"type":"if","locations":[{"start":{"line":118,"column":18},"end":{"line":127,"column":19}},{"start":{},"end":{}}],"line":118},"5":{"loc":{"start":{"line":124,"column":37},"end":{"line":124,"column":60}},"type":"binary-expr","locations":[{"start":{"line":124,"column":37},"end":{"line":124,"column":54}},{"start":{"line":124,"column":58},"end":{"line":124,"column":60}}],"line":124},"6":{"loc":{"start":{"line":132,"column":41},"end":{"line":132,"column":66}},"type":"binary-expr","locations":[{"start":{"line":132,"column":41},"end":{"line":132,"column":47}},{"start":{"line":132,"column":51},"end":{"line":132,"column":66}}],"line":132},"7":{"loc":{"start":{"line":154,"column":18},"end":{"line":154,"column":49}},"type":"cond-expr","locations":[{"start":{"line":154,"column":42},"end":{"line":154,"column":44}},{"start":{"line":154,"column":47},"end":{"line":154,"column":49}}],"line":154}},"s":{"0":6,"1":0,"2":2,"3":2,"4":1,"5":1,"6":1,"7":13,"8":13,"9":13,"10":13,"11":1,"12":1,"13":65,"14":65,"15":7,"16":6,"17":13},"f":{"0":6,"1":13,"2":1,"3":1,"4":65,"5":7,"6":13},"b":{"0":[0,2,2,1,1],"1":[1,1],"2":[13,1],"3":[65,13],"4":[6,1],"5":[6,5],"6":[65,13],"7":[13,0]},"_coverageSchema":"1a1c01bbd47fc00a2c39e90264f33305004495a9","hash":"ed1ea2cec26e6e6b12dcbe8880e870d025cee936"}
,"/Users/tomas_teixeira/Documents/LEIC/2A2S/ESOF/T2/components/external-link.tsx": {"path":"/Users/tomas_teixeira/Documents/LEIC/2A2S/ESOF/T2/components/external-link.tsx","statementMap":{"0":{"start":{"line":8,"column":2},"end":{"line":24,"column":4}},"1":{"start":{"line":14,"column":8},"end":{"line":21,"column":9}},"2":{"start":{"line":16,"column":10},"end":{"line":16,"column":33}},"3":{"start":{"line":18,"column":10},"end":{"line":20,"column":13}}},"fnMap":{"0":{"name":"ExternalLink","decl":{"start":{"line":7,"column":16},"end":{"line":7,"column":28}},"loc":{"start":{"line":7,"column":55},"end":{"line":25,"column":1}},"line":7},"1":{"name":"(anonymous_1)","decl":{"start":{"line":13,"column":15},"end":{"line":13,"column":16}},"loc":{"start":{"line":13,"column":32},"end":{"line":22,"column":7}},"line":13}},"branchMap":{"0":{"loc":{"start":{"line":14,"column":8},"end":{"line":21,"column":9}},"type":"if","locations":[{"start":{"line":14,"column":8},"end":{"line":21,"column":9}},{"start":{},"end":{}}],"line":14}},"s":{"0":4,"1":3,"2":3,"3":3},"f":{"0":4,"1":3},"b":{"0":[3,0]},"_coverageSchema":"1a1c01bbd47fc00a2c39e90264f33305004495a9","hash":"73f737c52a383e8f6b14b181ee3fb0f15cd799d2"}
,"/Users/tomas_teixeira/Documents/LEIC/2A2S/ESOF/T2/components/haptic-tab.tsx": {"path":"/Users/tomas_teixeira/Documents/LEIC/2A2S/ESOF/T2/components/haptic-tab.tsx","statementMap":{"0":{"start":{"line":6,"column":2},"end":{"line":17,"column":4}},"1":{"start":{"line":10,"column":8},"end":{"line":13,"column":9}},"2":{"start":{"line":12,"column":10},"end":{"line":12,"column":65}},"3":{"start":{"line":14,"column":8},"end":{"line":14,"column":30}}},"fnMap":{"0":{"name":"HapticTab","decl":{"start":{"line":5,"column":16},"end":{"line":5,"column":25}},"loc":{"start":{"line":5,"column":58},"end":{"line":18,"column":1}},"line":5},"1":{"name":"(anonymous_1)","decl":{"start":{"line":9,"column":17},"end":{"line":9,"column":18}},"loc":{"start":{"line":9,"column":25},"end":{"line":15,"column":7}},"line":9}},"branchMap":{"0":{"loc":{"start":{"line":10,"column":8},"end":{"line":13,"column":9}},"type":"if","locations":[{"start":{"line":10,"column":8},"end":{"line":13,"column":9}},{"start":{},"end":{}}],"line":10}},"s":{"0":1,"1":1,"2":1,"3":1},"f":{"0":1,"1":1},"b":{"0":[1,0]},"_coverageSchema":"1a1c01bbd47fc00a2c39e90264f33305004495a9","hash":"d852a3d637b1592000b5d11367ec3842ba9077ca"}
,"/Users/tomas_teixeira/Documents/LEIC/2A2S/ESOF/T2/components/hello-wave.tsx": {"path":"/Users/tomas_teixeira/Documents/LEIC/2A2S/ESOF/T2/components/hello-wave.tsx","statementMap":{"0":{"start":{"line":4,"column":2},"end":{"line":18,"column":4}}},"fnMap":{"0":{"name":"HelloWave","decl":{"start":{"line":3,"column":16},"end":{"line":3,"column":25}},"loc":{"start":{"line":3,"column":28},"end":{"line":19,"column":1}},"line":3}},"branchMap":{},"s":{"0":1},"f":{"0":1},"b":{},"_coverageSchema":"1a1c01bbd47fc00a2c39e90264f33305004495a9","hash":"58dac19e2a4a0410cb407fc3888f2626501015e9"}
,"/Users/tomas_teixeira/Documents/LEIC/2A2S/ESOF/T2/components/material-list.tsx": {"path":"/Users/tomas_teixeira/Documents/LEIC/2A2S/ESOF/T2/components/material-list.tsx","statementMap":{"0":{"start":{"line":9,"column":2},"end":{"line":21,"column":4}},"1":{"start":{"line":12,"column":8},"end":{"line":18,"column":10}},"2":{"start":{"line":30,"column":12},"end":{"line":30,"column":25}},"3":{"start":{"line":31,"column":12},"end":{"line":31,"column":25}},"4":{"start":{"line":33,"column":2},"end":{"line":40,"column":3}},"5":{"start":{"line":34,"column":4},"end":{"line":39,"column":6}},"6":{"start":{"line":42,"column":2},"end":{"line":87,"column":4}},"7":{"start":{"line":45,"column":30},"end":{"line":45,"column":37}},"8":{"start":{"line":47,"column":8},"end":{"line":82,"column":27}},"9":{"start":{"line":49,"column":25},"end":{"line":49,"column":62}},"10":{"start":{"line":72,"column":31},"end":{"line":72,"column":57}},"11":{"start":{"line":84,"column":36},"end":{"line":84,"column":58}},"12":{"start":{"line":91,"column":2},"end":{"line":143,"column":5}}},"fnMap":{"0":{"name":"StarRating","decl":{"start":{"line":8,"column":9},"end":{"line":8,"column":19}},"loc":{"start":{"line":8,"column":74},"end":{"line":22,"column":1}},"line":8},"1":{"name":"(anonymous_1)","decl":{"start":{"line":11,"column":27},"end":{"line":11,"column":28}},"loc":{"start":{"line":12,"column":8},"end":{"line":18,"column":10}},"line":12},"2":{"name":"MaterialList","decl":{"start":{"line":29,"column":16},"end":{"line":29,"column":28}},"loc":{"start":{"line":29,"column":90},"end":{"line":88,"column":1}},"line":29},"3":{"name":"(anonymous_3)","decl":{"start":{"line":45,"column":20},"end":{"line":45,"column":21}},"loc":{"start":{"line":45,"column":30},"end":{"line":45,"column":37}},"line":45},"4":{"name":"(anonymous_4)","decl":{"start":{"line":46,"column":18},"end":{"line":46,"column":19}},"loc":{"start":{"line":47,"column":8},"end":{"line":82,"column":27}},"line":47},"5":{"name":"(anonymous_5)","decl":{"start":{"line":49,"column":19},"end":{"line":49,"column":20}},"loc":{"start":{"line":49,"column":25},"end":{"line":49,"column":62}},"line":49},"6":{"name":"(anonymous_6)","decl":{"start":{"line":72,"column":25},"end":{"line":72,"column":26}},"loc":{"start":{"line":72,"column":31},"end":{"line":72,"column":57}},"line":72},"7":{"name":"(anonymous_7)","decl":{"start":{"line":84,"column":30},"end":{"line":84,"column":31}},"loc":{"start":{"line":84,"column":36},"end":{"line":84,"column":58}},"line":84},"8":{"name":"makeStyles","decl":{"start":{"line":90,"column":9},"end":{"line":90,"column":19}},"loc":{"start":{"line":90,"column":35},"end":{"line":144,"column":1}},"line":90}},"branchMap":{"0":{"loc":{"start":{"line":14,"column":16},"end":{"line":14,"column":52}},"type":"cond-expr","locations":[{"start":{"line":14,"column":29},"end":{"line":14,"column":35}},{"start":{"line":14,"column":38},"end":{"line":14,"column":52}}],"line":14},"1":{"loc":{"start":{"line":29,"column":38},"end":{"line":29,"column":79}},"type":"default-arg","locations":[{"start":{"line":29,"column":53},"end":{"line":29,"column":79}}],"line":29},"2":{"loc":{"start":{"line":33,"column":2},"end":{"line":40,"column":3}},"type":"if","locations":[{"start":{"line":33,"column":2},"end":{"line":40,"column":3}},{"start":{},"end":{}}],"line":33},"3":{"loc":{"start":{"line":49,"column":25},"end":{"line":49,"column":62}},"type":"binary-expr","locations":[{"start":{"line":49,"column":25},"end":{"line":49,"column":33}},{"start":{"line":49,"column":37},"end":{"line":49,"column":62}}],"line":49},"4":{"loc":{"start":{"line":54,"column":12},"end":{"line":59,"column":13}},"type":"binary-expr","locations":[{"start":{"line":54,"column":12},"end":{"line":54,"column":20}},{"start":{"line":54,"column":24},"end":{"line":59,"column":13}}],"line":54},"5":{"loc":{"start":{"line":65,"column":13},"end":{"line":65,"column":78}},"type":"cond-expr","locations":[{"start":{"line":65,"column":29},"end":{"line":65,"column":71}},{"start":{"line":65,"column":74},"end":{"line":65,"column":78}}],"line":65},"6":{"loc":{"start":{"line":66,"column":13},"end":{"line":66,"column":94}},"type":"cond-expr","locations":[{"start":{"line":66,"column":35},"end":{"line":66,"column":87}},{"start":{"line":66,"column":90},"end":{"line":66,"column":94}}],"line":66},"7":{"loc":{"start":{"line":69,"column":13},"end":{"line":77,"column":13}},"type":"binary-expr","locations":[{"start":{"line":69,"column":13},"end":{"line":69,"column":21}},{"start":{"line":70,"column":14},"end":{"line":76,"column":33}}],"line":69}},"s":{"0":6,"1":30,"2":9,"3":9,"4":9,"5":2,"6":7,"7":26,"8":19,"9":2,"10":1,"11":12,"12":9},"f":{"0":6,"1":30,"2":9,"3":26,"4":19,"5":2,"6":1,"7":12,"8":9},"b":{"0":[24,6],"1":[8],"2":[2,7],"3":[2,1],"4":[19,19],"5":[6,13],"6":[6,13],"7":[19,6]},"_coverageSchema":"1a1c01bbd47fc00a2c39e90264f33305004495a9","hash":"a2ebc33d44953e29e8934e2836c19d5efc53e1d3"}
,"/Users/tomas_teixeira/Documents/LEIC/2A2S/ESOF/T2/components/parallax-scroll-view.tsx": {"path":"/Users/tomas_teixeira/Documents/LEIC/2A2S/ESOF/T2/components/parallax-scroll-view.tsx","statementMap":{"0":{"start":{"line":14,"column":22},"end":{"line":14,"column":25}},"1":{"start":{"line":26,"column":26},"end":{"line":26,"column":57}},"2":{"start":{"line":27,"column":22},"end":{"line":27,"column":49}},"3":{"start":{"line":28,"column":20},"end":{"line":28,"column":57}},"4":{"start":{"line":29,"column":23},"end":{"line":29,"column":49}},"5":{"start":{"line":30,"column":30},"end":{"line":45,"column":4}},"6":{"start":{"line":31,"column":4},"end":{"line":44,"column":6}},"7":{"start":{"line":47,"column":2},"end":{"line":62,"column":4}},"8":{"start":{"line":65,"column":15},"end":{"line":79,"column":2}}},"fnMap":{"0":{"name":"ParallaxScrollView","decl":{"start":{"line":21,"column":24},"end":{"line":21,"column":42}},"loc":{"start":{"line":25,"column":10},"end":{"line":63,"column":1}},"line":25},"1":{"name":"(anonymous_1)","decl":{"start":{"line":30,"column":47},"end":{"line":30,"column":48}},"loc":{"start":{"line":30,"column":53},"end":{"line":45,"column":3}},"line":30}},"branchMap":{"0":{"loc":{"start":{"line":27,"column":22},"end":{"line":27,"column":49}},"type":"binary-expr","locations":[{"start":{"line":27,"column":22},"end":{"line":27,"column":38}},{"start":{"line":27,"column":42},"end":{"line":27,"column":49}}],"line":27}},"s":{"0":1,"1":1,"2":1,"3":1,"4":1,"5":1,"6":0,"7":1,"8":1},"f":{"0":1,"1":0},"b":{"0":[1,0]},"_coverageSchema":"1a1c01bbd47fc00a2c39e90264f33305004495a9","hash":"5a2be060d903d311828ccd8d574aad7f6ff9bcc3"}
,"/Users/tomas_teixeira/Documents/LEIC/2A2S/ESOF/T2/components/themed-text.tsx": {"path":"/Users/tomas_teixeira/Documents/LEIC/2A2S/ESOF/T2/components/themed-text.tsx","statementMap":{"0":{"start":{"line":18,"column":16},"end":{"line":18,"column":77}},"1":{"start":{"line":20,"column":2},"end":{"line":33,"column":4}},"2":{"start":{"line":36,"column":15},"end":{"line":60,"column":2}}},"fnMap":{"0":{"name":"ThemedText","decl":{"start":{"line":11,"column":16},"end":{"line":11,"column":26}},"loc":{"start":{"line":17,"column":20},"end":{"line":34,"column":1}},"line":17}},"branchMap":{"0":{"loc":{"start":{"line":15,"column":2},"end":{"line":15,"column":18}},"type":"default-arg","locations":[{"start":{"line":15,"column":9},"end":{"line":15,"column":18}}],"line":15},"1":{"loc":{"start":{"line":24,"column":8},"end":{"line":24,"column":55}},"type":"cond-expr","locations":[{"start":{"line":24,"column":29},"end":{"line":24,"column":43}},{"start":{"line":24,"column":46},"end":{"line":24,"column":55}}],"line":24},"2":{"loc":{"start":{"line":25,"column":8},"end":{"line":25,"column":51}},"type":"cond-expr","locations":[{"start":{"line":25,"column":27},"end":{"line":25,"column":39}},{"start":{"line":25,"column":42},"end":{"line":25,"column":51}}],"line":25},"3":{"loc":{"start":{"line":26,"column":8},"end":{"line":26,"column":71}},"type":"cond-expr","locations":[{"start":{"line":26,"column":37},"end":{"line":26,"column":59}},{"start":{"line":26,"column":62},"end":{"line":26,"column":71}}],"line":26},"4":{"loc":{"start":{"line":27,"column":8},"end":{"line":27,"column":57}},"type":"cond-expr","locations":[{"start":{"line":27,"column":30},"end":{"line":27,"column":45}},{"start":{"line":27,"column":48},"end":{"line":27,"column":57}}],"line":27},"5":{"loc":{"start":{"line":28,"column":8},"end":{"line":28,"column":49}},"type":"cond-expr","locations":[{"start":{"line":28,"column":26},"end":{"line":28,"column":37}},{"start":{"line":28,"column":40},"end":{"line":28,"column":49}}],"line":28}},"s":{"0":9,"1":9,"2":1},"f":{"0":9},"b":{"0":[5],"1":[5,4],"2":[1,8],"3":[1,8],"4":[1,8],"5":[1,8]},"_coverageSchema":"1a1c01bbd47fc00a2c39e90264f33305004495a9","hash":"81c4a28ace2559bc545d65bb80a081f23b818a61"}
,"/Users/tomas_teixeira/Documents/LEIC/2A2S/ESOF/T2/components/themed-view.tsx": {"path":"/Users/tomas_teixeira/Documents/LEIC/2A2S/ESOF/T2/components/themed-view.tsx","statementMap":{"0":{"start":{"line":11,"column":26},"end":{"line":11,"column":93}},"1":{"start":{"line":13,"column":2},"end":{"line":13,"column":71}}},"fnMap":{"0":{"name":"ThemedView","decl":{"start":{"line":10,"column":16},"end":{"line":10,"column":26}},"loc":{"start":{"line":10,"column":93},"end":{"line":14,"column":1}},"line":10}},"branchMap":{},"s":{"0":3,"1":3},"f":{"0":3},"b":{},"_coverageSchema":"1a1c01bbd47fc00a2c39e90264f33305004495a9","hash":"1bed2981a104ea41b852a3054d76e68e205bcca7"}
,"/Users/tomas_teixeira/Documents/LEIC/2A2S/ESOF/T2/components/ui/collapsible.tsx": {"path":"/Users/tomas_teixeira/Documents/LEIC/2A2S/ESOF/T2/components/ui/collapsible.tsx","statementMap":{"0":{"start":{"line":11,"column":30},"end":{"line":11,"column":45}},"1":{"start":{"line":12,"column":16},"end":{"line":12,"column":43}},"2":{"start":{"line":14,"column":2},"end":{"line":32,"column":4}},"3":{"start":{"line":18,"column":23},"end":{"line":18,"column":51}},"4":{"start":{"line":18,"column":44},"end":{"line":18,"column":50}},"5":{"start":{"line":35,"column":15},"end":{"line":45,"column":2}}},"fnMap":{"0":{"name":"Collapsible","decl":{"start":{"line":10,"column":16},"end":{"line":10,"column":27}},"loc":{"start":{"line":10,"column":88},"end":{"line":33,"column":1}},"line":10},"1":{"name":"(anonymous_1)","decl":{"start":{"line":18,"column":17},"end":{"line":18,"column":18}},"loc":{"start":{"line":18,"column":23},"end":{"line":18,"column":51}},"line":18},"2":{"name":"(anonymous_2)","decl":{"start":{"line":18,"column":33},"end":{"line":18,"column":34}},"loc":{"start":{"line":18,"column":44},"end":{"line":18,"column":50}},"line":18}},"branchMap":{"0":{"loc":{"start":{"line":12,"column":16},"end":{"line":12,"column":43}},"type":"binary-expr","locations":[{"start":{"line":12,"column":16},"end":{"line":12,"column":32}},{"start":{"line":12,"column":36},"end":{"line":12,"column":43}}],"line":12},"1":{"loc":{"start":{"line":24,"column":17},"end":{"line":24,"column":73}},"type":"cond-expr","locations":[{"start":{"line":24,"column":37},"end":{"line":24,"column":54}},{"start":{"line":24,"column":57},"end":{"line":24,"column":73}}],"line":24},"2":{"loc":{"start":{"line":25,"column":41},"end":{"line":25,"column":66}},"type":"cond-expr","locations":[{"start":{"line":25,"column":50},"end":{"line":25,"column":57}},{"start":{"line":25,"column":60},"end":{"line":25,"column":66}}],"line":25},"3":{"loc":{"start":{"line":30,"column":7},"end":{"line":30,"column":75}},"type":"binary-expr","locations":[{"start":{"line":30,"column":7},"end":{"line":30,"column":13}},{"start":{"line":30,"column":17},"end":{"line":30,"column":75}}],"line":30}},"s":{"0":9,"1":9,"2":9,"3":4,"4":4,"5":1},"f":{"0":9,"1":4,"2":4},"b":{"0":[9,0],"1":[8,1],"2":[3,6],"3":[9,3]},"_coverageSchema":"1a1c01bbd47fc00a2c39e90264f33305004495a9","hash":"fe4967a118e9948dd3a84ceaaef71b649948add6"}
,"/Users/tomas_teixeira/Documents/LEIC/2A2S/ESOF/T2/components/ui/icon-symbol.ios.tsx": {"path":"/Users/tomas_teixeira/Documents/LEIC/2A2S/ESOF/T2/components/ui/icon-symbol.ios.tsx","statementMap":{"0":{"start":{"line":19,"column":2},"end":{"line":34,"column":4}}},"fnMap":{"0":{"name":"IconSymbol","decl":{"start":{"line":4,"column":16},"end":{"line":4,"column":26}},"loc":{"start":{"line":18,"column":3},"end":{"line":35,"column":1}},"line":18}},"branchMap":{"0":{"loc":{"start":{"line":6,"column":2},"end":{"line":6,"column":11}},"type":"default-arg","locations":[{"start":{"line":6,"column":9},"end":{"line":6,"column":11}}],"line":6},"1":{"loc":{"start":{"line":9,"column":2},"end":{"line":9,"column":20}},"type":"default-arg","locations":[{"start":{"line":9,"column":11},"end":{"line":9,"column":20}}],"line":9}},"s":{"0":7},"f":{"0":7},"b":{"0":[0],"1":[7]},"_coverageSchema":"1a1c01bbd47fc00a2c39e90264f33305004495a9","hash":"0d1a3cdfe1b0487a8468b092682aed0e5de7d5a1"}
,"/Users/tomas_teixeira/Documents/LEIC/2A2S/ESOF/T2/components/ui/icon-symbol.tsx": {"path":"/Users/tomas_teixeira/Documents/LEIC/2A2S/ESOF/T2/components/ui/icon-symbol.tsx","statementMap":{"0":{"start":{"line":16,"column":16},"end":{"line":21,"column":16}},"1":{"start":{"line":42,"column":2},"end":{"line":42,"column":104}}},"fnMap":{"0":{"name":"IconSymbol","decl":{"start":{"line":28,"column":16},"end":{"line":28,"column":26}},"loc":{"start":{"line":41,"column":3},"end":{"line":43,"column":1}},"line":41}},"branchMap":{"0":{"loc":{"start":{"line":30,"column":2},"end":{"line":30,"column":11}},"type":"default-arg","locations":[{"start":{"line":30,"column":9},"end":{"line":30,"column":11}}],"line":30}},"s":{"0":0,"1":0},"f":{"0":0},"b":{"0":[0]}}
,"/Users/tomas_teixeira/Documents/LEIC/2A2S/ESOF/T2/constants/courses.ts": {"path":"/Users/tomas_teixeira/Documents/LEIC/2A2S/ESOF/T2/constants/courses.ts","statementMap":{"0":{"start":{"line":39,"column":31},"end":{"line":64,"column":1}},"1":{"start":{"line":66,"column":30},"end":{"line":82,"column":1}},"2":{"start":{"line":84,"column":34},"end":{"line":93,"column":1}},"3":{"start":{"line":95,"column":47},"end":{"line":164,"column":1}}},"fnMap":{},"branchMap":{},"s":{"0":1,"1":1,"2":1,"3":1},"f":{},"b":{},"_coverageSchema":"1a1c01bbd47fc00a2c39e90264f33305004495a9","hash":"f1b3b93b80bb15fab9f4a57688d823dbdebd56d7"}
,"/Users/tomas_teixeira/Documents/LEIC/2A2S/ESOF/T2/constants/theme.ts": {"path":"/Users/tomas_teixeira/Documents/LEIC/2A2S/ESOF/T2/constants/theme.ts","statementMap":{"0":{"start":{"line":45,"column":39},"end":{"line":74,"column":1}},"1":{"start":{"line":77,"column":40},"end":{"line":106,"column":1}},"2":{"start":{"line":110,"column":23},"end":{"line":110,"column":42}},"3":{"start":{"line":111,"column":22},"end":{"line":111,"column":40}},"4":{"start":{"line":113,"column":22},"end":{"line":130,"column":1}},"5":{"start":{"line":132,"column":21},"end":{"line":151,"column":2}}},"fnMap":{},"branchMap":{},"s":{"0":14,"1":14,"2":14,"3":14,"4":14,"5":14},"f":{},"b":{},"_coverageSchema":"1a1c01bbd47fc00a2c39e90264f33305004495a9","hash":"bb14cdc6c31288fe278fafda680dca2795cb49ab"}
,"/Users/tomas_teixeira/Documents/LEIC/2A2S/ESOF/T2/constants/user.ts": {"path":"/Users/tomas_teixeira/Documents/LEIC/2A2S/ESOF/T2/constants/user.ts","statementMap":{"0":{"start":{"line":1,"column":20},"end":{"line":8,"column":1}}},"fnMap":{},"branchMap":{},"s":{"0":1},"f":{},"b":{},"_coverageSchema":"1a1c01bbd47fc00a2c39e90264f33305004495a9","hash":"a0d17d055000caa8f0edf40655cc697f45b5db51"}
,"/Users/tomas_teixeira/Documents/LEIC/2A2S/ESOF/T2/contexts/theme-context.tsx": {"path":"/Users/tomas_teixeira/Documents/LEIC/2A2S/ESOF/T2/contexts/theme-context.tsx","statementMap":{"0":{"start":{"line":14,"column":20},"end":{"line":14,"column":37}},"1":{"start":{"line":16,"column":21},"end":{"line":20,"column":2}},"2":{"start":{"line":23,"column":17},"end":{"line":23,"column":33}},"3":{"start":{"line":24,"column":43},"end":{"line":24,"column":78}},"4":{"start":{"line":27,"column":2},"end":{"line":33,"column":9}},"5":{"start":{"line":28,"column":4},"end":{"line":32,"column":7}},"6":{"start":{"line":29,"column":6},"end":{"line":31,"column":7}},"7":{"start":{"line":30,"column":8},"end":{"line":30,"column":35}},"8":{"start":{"line":35,"column":24},"end":{"line":38,"column":3}},"9":{"start":{"line":36,"column":4},"end":{"line":36,"column":26}},"10":{"start":{"line":37,"column":4},"end":{"line":37,"column":41}},"11":{"start":{"line":40,"column":19},"end":{"line":40,"column":76}},"12":{"start":{"line":41,"column":18},"end":{"line":41,"column":66}},"13":{"start":{"line":43,"column":2},"end":{"line":47,"column":4}},"14":{"start":{"line":51,"column":2},"end":{"line":51,"column":34}}},"fnMap":{"0":{"name":"(anonymous_0)","decl":{"start":{"line":18,"column":17},"end":{"line":18,"column":18}},"loc":{"start":{"line":18,"column":23},"end":{"line":18,"column":25}},"line":18},"1":{"name":"ThemeProvider","decl":{"start":{"line":22,"column":16},"end":{"line":22,"column":29}},"loc":{"start":{"line":22,"column":75},"end":{"line":48,"column":1}},"line":22},"2":{"name":"(anonymous_2)","decl":{"start":{"line":27,"column":12},"end":{"line":27,"column":13}},"loc":{"start":{"line":27,"column":18},"end":{"line":33,"column":3}},"line":27},"3":{"name":"(anonymous_3)","decl":{"start":{"line":28,"column":43},"end":{"line":28,"column":44}},"loc":{"start":{"line":28,"column":55},"end":{"line":32,"column":5}},"line":28},"4":{"name":"(anonymous_4)","decl":{"start":{"line":35,"column":24},"end":{"line":35,"column":25}},"loc":{"start":{"line":35,"column":48},"end":{"line":38,"column":3}},"line":35},"5":{"name":"useThemeContext","decl":{"start":{"line":50,"column":16},"end":{"line":50,"column":31}},"loc":{"start":{"line":50,"column":53},"end":{"line":52,"column":1}},"line":50}},"branchMap":{"0":{"loc":{"start":{"line":29,"column":6},"end":{"line":31,"column":7}},"type":"if","locations":[{"start":{"line":29,"column":6},"end":{"line":31,"column":7}},{"start":{},"end":{}}],"line":29},"1":{"loc":{"start":{"line":29,"column":10},"end":{"line":29,"column":72}},"type":"binary-expr","locations":[{"start":{"line":29,"column":10},"end":{"line":29,"column":28}},{"start":{"line":29,"column":32},"end":{"line":29,"column":49}},{"start":{"line":29,"column":53},"end":{"line":29,"column":72}}],"line":29},"2":{"loc":{"start":{"line":40,"column":19},"end":{"line":40,"column":76}},"type":"cond-expr","locations":[{"start":{"line":40,"column":46},"end":{"line":40,"column":62}},{"start":{"line":40,"column":66},"end":{"line":40,"column":76}}],"line":40},"3":{"loc":{"start":{"line":40,"column":46},"end":{"line":40,"column":62}},"type":"binary-expr","locations":[{"start":{"line":40,"column":46},"end":{"line":40,"column":52}},{"start":{"line":40,"column":56},"end":{"line":40,"column":62}}],"line":40},"4":{"loc":{"start":{"line":41,"column":18},"end":{"line":41,"column":66}},"type":"cond-expr","locations":[{"start":{"line":41,"column":40},"end":{"line":41,"column":51}},{"start":{"line":41,"column":54},"end":{"line":41,"column":66}}],"line":41}},"s":{"0":4,"1":4,"2":6,"3":6,"4":6,"5":4,"6":4,"7":1,"8":6,"9":1,"10":1,"11":6,"12":6,"13":6,"14":6},"f":{"0":0,"1":6,"2":4,"3":4,"4":1,"5":6},"b":{"0":[1,3],"1":[4,3,3],"2":[4,2],"3":[4,1],"4":[3,3]},"_coverageSchema":"1a1c01bbd47fc00a2c39e90264f33305004495a9","hash":"601c7c2d0343d0e7248e795a7434f0d4ede70d65"}
,"/Users/tomas_teixeira/Documents/LEIC/2A2S/ESOF/T2/hooks/use-app-theme.ts": {"path":"/Users/tomas_teixeira/Documents/LEIC/2A2S/ESOF/T2/hooks/use-app-theme.ts","statementMap":{"0":{"start":{"line":5,"column":2},"end":{"line":5,"column":35}}},"fnMap":{"0":{"name":"useAppTheme","decl":{"start":{"line":4,"column":16},"end":{"line":4,"column":27}},"loc":{"start":{"line":4,"column":42},"end":{"line":6,"column":1}},"line":4}},"branchMap":{},"s":{"0":1},"f":{"0":1},"b":{},"_coverageSchema":"1a1c01bbd47fc00a2c39e90264f33305004495a9","hash":"6afbb83d2370903525c41bdc315c920377df3a95"}
,"/Users/tomas_teixeira/Documents/LEIC/2A2S/ESOF/T2/hooks/use-color-scheme.ts": {"path":"/Users/tomas_teixeira/Documents/LEIC/2A2S/ESOF/T2/hooks/use-color-scheme.ts","statementMap":{},"fnMap":{},"branchMap":{},"s":{},"f":{},"b":{},"_coverageSchema":"1a1c01bbd47fc00a2c39e90264f33305004495a9","hash":"bd34e7bba9ab16d16567e22248a5275ac910b36b"}
,"/Users/tomas_teixeira/Documents/LEIC/2A2S/ESOF/T2/hooks/use-color-scheme.web.ts": {"path":"/Users/tomas_teixeira/Documents/LEIC/2A2S/ESOF/T2/hooks/use-color-scheme.web.ts","statementMap":{"0":{"start":{"line":8,"column":40},"end":{"line":8,"column":55}},"1":{"start":{"line":10,"column":2},"end":{"line":12,"column":9}},"2":{"start":{"line":11,"column":4},"end":{"line":11,"column":25}},"3":{"start":{"line":14,"column":22},"end":{"line":14,"column":40}},"4":{"start":{"line":16,"column":2},"end":{"line":18,"column":3}},"5":{"start":{"line":17,"column":4},"end":{"line":17,"column":23}},"6":{"start":{"line":20,"column":2},"end":{"line":20,"column":17}}},"fnMap":{"0":{"name":"useColorScheme","decl":{"start":{"line":7,"column":16},"end":{"line":7,"column":30}},"loc":{"start":{"line":7,"column":33},"end":{"line":21,"column":1}},"line":7},"1":{"name":"(anonymous_1)","decl":{"start":{"line":10,"column":12},"end":{"line":10,"column":13}},"loc":{"start":{"line":10,"column":18},"end":{"line":12,"column":3}},"line":10}},"branchMap":{"0":{"loc":{"start":{"line":16,"column":2},"end":{"line":18,"column":3}},"type":"if","locations":[{"start":{"line":16,"column":2},"end":{"line":18,"column":3}},{"start":{},"end":{}}],"line":16}},"s":{"0":2,"1":2,"2":1,"3":2,"4":2,"5":1,"6":1},"f":{"0":2,"1":1},"b":{"0":[1,1]},"_coverageSchema":"1a1c01bbd47fc00a2c39e90264f33305004495a9","hash":"4da6d97cb192d4f0612b4022014dd297347511a6"}
,"/Users/tomas_teixeira/Documents/LEIC/2A2S/ESOF/T2/hooks/use-theme-color.ts": {"path":"/Users/tomas_teixeira/Documents/LEIC/2A2S/ESOF/T2/hooks/use-theme-color.ts","statementMap":{"0":{"start":{"line":13,"column":16},"end":{"line":13,"column":43}},"1":{"start":{"line":14,"column":25},"end":{"line":14,"column":37}},"2":{"start":{"line":16,"column":2},"end":{"line":20,"column":3}},"3":{"start":{"line":17,"column":4},"end":{"line":17,"column":26}},"4":{"start":{"line":19,"column":4},"end":{"line":19,"column":36}}},"fnMap":{"0":{"name":"useThemeColor","decl":{"start":{"line":9,"column":16},"end":{"line":9,"column":29}},"loc":{"start":{"line":12,"column":2},"end":{"line":21,"column":1}},"line":12}},"branchMap":{"0":{"loc":{"start":{"line":13,"column":16},"end":{"line":13,"column":43}},"type":"binary-expr","locations":[{"start":{"line":13,"column":16},"end":{"line":13,"column":32}},{"start":{"line":13,"column":36},"end":{"line":13,"column":43}}],"line":13},"1":{"loc":{"start":{"line":16,"column":2},"end":{"line":20,"column":3}},"type":"if","locations":[{"start":{"line":16,"column":2},"end":{"line":20,"column":3}},{"start":{"line":18,"column":9},"end":{"line":20,"column":3}}],"line":16}},"s":{"0":6,"1":6,"2":6,"3":1,"4":5},"f":{"0":6},"b":{"0":[6,1],"1":[1,5]},"_coverageSchema":"1a1c01bbd47fc00a2c39e90264f33305004495a9","hash":"1f4b8d4b629000b3f4254e51fad18b57ea4d9b32"}
,"/Users/tomas_teixeira/Documents/LEIC/2A2S/ESOF/T2/services/bookmarks.ts": {"path":"/Users/tomas_teixeira/Documents/LEIC/2A2S/ESOF/T2/services/bookmarks.ts","statementMap":{"0":{"start":{"line":4,"column":26},"end":{"line":8,"column":46}},"1":{"start":{"line":9,"column":2},"end":{"line":9,"column":25}},"2":{"start":{"line":9,"column":13},"end":{"line":9,"column":25}},"3":{"start":{"line":10,"column":2},"end":{"line":10,"column":14}},"4":{"start":{"line":14,"column":26},"end":{"line":18,"column":13}},"5":{"start":{"line":19,"column":2},"end":{"line":19,"column":25}},"6":{"start":{"line":19,"column":13},"end":{"line":19,"column":25}},"7":{"start":{"line":20,"column":2},"end":{"line":20,"column":14}},"8":{"start":{"line":24,"column":20},"end":{"line":28,"column":34}},"9":{"start":{"line":29,"column":2},"end":{"line":29,"column":25}},"10":{"start":{"line":29,"column":13},"end":{"line":29,"column":25}}},"fnMap":{"0":{"name":"getBookmarks","decl":{"start":{"line":3,"column":22},"end":{"line":3,"column":34}},"loc":{"start":{"line":3,"column":51},"end":{"line":11,"column":1}},"line":3},"1":{"name":"addBookmark","decl":{"start":{"line":13,"column":22},"end":{"line":13,"column":33}},"loc":{"start":{"line":13,"column":101},"end":{"line":21,"column":1}},"line":13},"2":{"name":"removeBookmark","decl":{"start":{"line":23,"column":22},"end":{"line":23,"column":36}},"loc":{"start":{"line":23,"column":73},"end":{"line":30,"column":1}},"line":23}},"branchMap":{"0":{"loc":{"start":{"line":9,"column":2},"end":{"line":9,"column":25}},"type":"if","locations":[{"start":{"line":9,"column":2},"end":{"line":9,"column":25}},{"start":{},"end":{}}],"line":9},"1":{"loc":{"start":{"line":19,"column":2},"end":{"line":19,"column":25}},"type":"if","locations":[{"start":{"line":19,"column":2},"end":{"line":19,"column":25}},{"start":{},"end":{}}],"line":19},"2":{"loc":{"start":{"line":29,"column":2},"end":{"line":29,"column":25}},"type":"if","locations":[{"start":{"line":29,"column":2},"end":{"line":29,"column":25}},{"start":{},"end":{}}],"line":29}},"s":{"0":4,"1":3,"2":0,"3":3,"4":4,"5":3,"6":0,"7":3,"8":2,"9":1,"10":0},"f":{"0":4,"1":4,"2":2},"b":{"0":[0,3],"1":[0,3],"2":[0,1]},"_coverageSchema":"1a1c01bbd47fc00a2c39e90264f33305004495a9","hash":"5d0e2fe0d7eca7c1e5efde38e50d355f05295596"}
,"/Users/tomas_teixeira/Documents/LEIC/2A2S/ESOF/T2/services/courses.ts": {"path":"/Users/tomas_teixeira/Documents/LEIC/2A2S/ESOF/T2/services/courses.ts","statementMap":{"0":{"start":{"line":4,"column":26},"end":{"line":7,"column":18}},"1":{"start":{"line":8,"column":2},"end":{"line":8,"column":25}},"2":{"start":{"line":8,"column":13},"end":{"line":8,"column":25}},"3":{"start":{"line":9,"column":2},"end":{"line":9,"column":14}},"4":{"start":{"line":13,"column":26},"end":{"line":17,"column":13}},"5":{"start":{"line":18,"column":2},"end":{"line":18,"column":25}},"6":{"start":{"line":18,"column":13},"end":{"line":18,"column":25}},"7":{"start":{"line":19,"column":2},"end":{"line":19,"column":14}}},"fnMap":{"0":{"name":"getCourses","decl":{"start":{"line":3,"column":22},"end":{"line":3,"column":32}},"loc":{"start":{"line":3,"column":35},"end":{"line":10,"column":1}},"line":3},"1":{"name":"getCourseById","decl":{"start":{"line":12,"column":22},"end":{"line":12,"column":35}},"loc":{"start":{"line":12,"column":48},"end":{"line":20,"column":1}},"line":12}},"branchMap":{"0":{"loc":{"start":{"line":8,"column":2},"end":{"line":8,"column":25}},"type":"if","locations":[{"start":{"line":8,"column":2},"end":{"line":8,"column":25}},{"start":{},"end":{}}],"line":8},"1":{"loc":{"start":{"line":18,"column":2},"end":{"line":18,"column":25}},"type":"if","locations":[{"start":{"line":18,"column":2},"end":{"line":18,"column":25}},{"start":{},"end":{}}],"line":18}},"s":{"0":5,"1":4,"2":0,"3":4,"4":4,"5":3,"6":0,"7":3},"f":{"0":5,"1":4},"b":{"0":[0,4],"1":[0,3]},"_coverageSchema":"1a1c01bbd47fc00a2c39e90264f33305004495a9","hash":"a54b8da38b693102b0fe01bc811825a08156536c"}
,"/Users/tomas_teixeira/Documents/LEIC/2A2S/ESOF/T2/services/materials.ts": {"path":"/Users/tomas_teixeira/Documents/LEIC/2A2S/ESOF/T2/services/materials.ts","statementMap":{"0":{"start":{"line":4,"column":26},"end":{"line":8,"column":46}},"1":{"start":{"line":9,"column":2},"end":{"line":9,"column":25}},"2":{"start":{"line":9,"column":13},"end":{"line":9,"column":25}},"3":{"start":{"line":10,"column":2},"end":{"line":10,"column":14}},"4":{"start":{"line":14,"column":26},"end":{"line":18,"column":46}},"5":{"start":{"line":19,"column":2},"end":{"line":19,"column":25}},"6":{"start":{"line":19,"column":13},"end":{"line":19,"column":25}},"7":{"start":{"line":20,"column":2},"end":{"line":20,"column":14}},"8":{"start":{"line":32,"column":26},"end":{"line":36,"column":13}},"9":{"start":{"line":37,"column":2},"end":{"line":37,"column":25}},"10":{"start":{"line":37,"column":13},"end":{"line":37,"column":25}},"11":{"start":{"line":38,"column":2},"end":{"line":38,"column":14}}},"fnMap":{"0":{"name":"getMaterialsByCourse","decl":{"start":{"line":3,"column":22},"end":{"line":3,"column":42}},"loc":{"start":{"line":3,"column":61},"end":{"line":11,"column":1}},"line":3},"1":{"name":"getMaterialsByType","decl":{"start":{"line":13,"column":22},"end":{"line":13,"column":40}},"loc":{"start":{"line":13,"column":90},"end":{"line":21,"column":1}},"line":13},"2":{"name":"uploadMaterial","decl":{"start":{"line":23,"column":22},"end":{"line":23,"column":36}},"loc":{"start":{"line":31,"column":3},"end":{"line":39,"column":1}},"line":31}},"branchMap":{"0":{"loc":{"start":{"line":9,"column":2},"end":{"line":9,"column":25}},"type":"if","locations":[{"start":{"line":9,"column":2},"end":{"line":9,"column":25}},{"start":{},"end":{}}],"line":9},"1":{"loc":{"start":{"line":19,"column":2},"end":{"line":19,"column":25}},"type":"if","locations":[{"start":{"line":19,"column":2},"end":{"line":19,"column":25}},{"start":{},"end":{}}],"line":19},"2":{"loc":{"start":{"line":37,"column":2},"end":{"line":37,"column":25}},"type":"if","locations":[{"start":{"line":37,"column":2},"end":{"line":37,"column":25}},{"start":{},"end":{}}],"line":37}},"s":{"0":4,"1":3,"2":0,"3":3,"4":7,"5":6,"6":0,"7":6,"8":3,"9":2,"10":0,"11":2},"f":{"0":4,"1":7,"2":3},"b":{"0":[0,3],"1":[0,6],"2":[0,2]},"_coverageSchema":"1a1c01bbd47fc00a2c39e90264f33305004495a9","hash":"b039fca5d6c57db4b578162635890a9af0c8c842"}
,"/Users/tomas_teixeira/Documents/LEIC/2A2S/ESOF/T2/services/reviews.ts": {"path":"/Users/tomas_teixeira/Documents/LEIC/2A2S/ESOF/T2/services/reviews.ts","statementMap":{"0":{"start":{"line":4,"column":26},"end":{"line":8,"column":46}},"1":{"start":{"line":9,"column":2},"end":{"line":9,"column":25}},"2":{"start":{"line":9,"column":13},"end":{"line":9,"column":25}},"3":{"start":{"line":10,"column":2},"end":{"line":10,"column":14}},"4":{"start":{"line":19,"column":26},"end":{"line":23,"column":13}},"5":{"start":{"line":24,"column":2},"end":{"line":24,"column":25}},"6":{"start":{"line":24,"column":13},"end":{"line":24,"column":25}},"7":{"start":{"line":25,"column":2},"end":{"line":25,"column":14}},"8":{"start":{"line":29,"column":20},"end":{"line":32,"column":23}},"9":{"start":{"line":33,"column":2},"end":{"line":33,"column":25}},"10":{"start":{"line":33,"column":13},"end":{"line":33,"column":25}}},"fnMap":{"0":{"name":"getReviewsByMaterial","decl":{"start":{"line":3,"column":22},"end":{"line":3,"column":42}},"loc":{"start":{"line":3,"column":63},"end":{"line":11,"column":1}},"line":3},"1":{"name":"createReview","decl":{"start":{"line":13,"column":22},"end":{"line":13,"column":34}},"loc":{"start":{"line":18,"column":3},"end":{"line":26,"column":1}},"line":18},"2":{"name":"deleteReview","decl":{"start":{"line":28,"column":22},"end":{"line":28,"column":34}},"loc":{"start":{"line":28,"column":53},"end":{"line":34,"column":1}},"line":28}},"branchMap":{"0":{"loc":{"start":{"line":9,"column":2},"end":{"line":9,"column":25}},"type":"if","locations":[{"start":{"line":9,"column":2},"end":{"line":9,"column":25}},{"start":{},"end":{}}],"line":9},"1":{"loc":{"start":{"line":24,"column":2},"end":{"line":24,"column":25}},"type":"if","locations":[{"start":{"line":24,"column":2},"end":{"line":24,"column":25}},{"start":{},"end":{}}],"line":24},"2":{"loc":{"start":{"line":33,"column":2},"end":{"line":33,"column":25}},"type":"if","locations":[{"start":{"line":33,"column":2},"end":{"line":33,"column":25}},{"start":{},"end":{}}],"line":33}},"s":{"0":3,"1":2,"2":0,"3":2,"4":5,"5":4,"6":0,"7":4,"8":2,"9":1,"10":0},"f":{"0":3,"1":5,"2":2},"b":{"0":[0,2],"1":[0,4],"2":[0,1]},"_coverageSchema":"1a1c01bbd47fc00a2c39e90264f33305004495a9","hash":"6370efe72147588c7ef6a14f564f134cc2fd6e21"}
,"/Users/tomas_teixeira/Documents/LEIC/2A2S/ESOF/T2/services/subscriptions.ts": {"path":"/Users/tomas_teixeira/Documents/LEIC/2A2S/ESOF/T2/services/subscriptions.ts","statementMap":{"0":{"start":{"line":4,"column":26},"end":{"line":8,"column":46}},"1":{"start":{"line":9,"column":2},"end":{"line":9,"column":25}},"2":{"start":{"line":9,"column":13},"end":{"line":9,"column":25}},"3":{"start":{"line":10,"column":2},"end":{"line":10,"column":14}},"4":{"start":{"line":14,"column":26},"end":{"line":18,"column":13}},"5":{"start":{"line":19,"column":2},"end":{"line":19,"column":25}},"6":{"start":{"line":19,"column":13},"end":{"line":19,"column":25}},"7":{"start":{"line":20,"column":2},"end":{"line":20,"column":14}},"8":{"start":{"line":24,"column":20},"end":{"line":28,"column":30}},"9":{"start":{"line":29,"column":2},"end":{"line":29,"column":25}},"10":{"start":{"line":29,"column":13},"end":{"line":29,"column":25}}},"fnMap":{"0":{"name":"getSubscriptions","decl":{"start":{"line":3,"column":22},"end":{"line":3,"column":38}},"loc":{"start":{"line":3,"column":55},"end":{"line":11,"column":1}},"line":3},"1":{"name":"subscribe","decl":{"start":{"line":13,"column":22},"end":{"line":13,"column":31}},"loc":{"start":{"line":13,"column":66},"end":{"line":21,"column":1}},"line":13},"2":{"name":"unsubscribe","decl":{"start":{"line":23,"column":22},"end":{"line":23,"column":33}},"loc":{"start":{"line":23,"column":68},"end":{"line":30,"column":1}},"line":23}},"branchMap":{"0":{"loc":{"start":{"line":9,"column":2},"end":{"line":9,"column":25}},"type":"if","locations":[{"start":{"line":9,"column":2},"end":{"line":9,"column":25}},{"start":{},"end":{}}],"line":9},"1":{"loc":{"start":{"line":19,"column":2},"end":{"line":19,"column":25}},"type":"if","locations":[{"start":{"line":19,"column":2},"end":{"line":19,"column":25}},{"start":{},"end":{}}],"line":19},"2":{"loc":{"start":{"line":29,"column":2},"end":{"line":29,"column":25}},"type":"if","locations":[{"start":{"line":29,"column":2},"end":{"line":29,"column":25}},{"start":{},"end":{}}],"line":29}},"s":{"0":3,"1":2,"2":0,"3":2,"4":3,"5":2,"6":0,"7":2,"8":2,"9":1,"10":0},"f":{"0":3,"1":3,"2":2},"b":{"0":[0,2],"1":[0,2],"2":[0,1]},"_coverageSchema":"1a1c01bbd47fc00a2c39e90264f33305004495a9","hash":"1b1f99d54ee1af337505523dffabc4427df739c7"}
,"/Users/tomas_teixeira/Documents/LEIC/2A2S/ESOF/T2/services/threads.ts": {"path":"/Users/tomas_teixeira/Documents/LEIC/2A2S/ESOF/T2/services/threads.ts","statementMap":{"0":{"start":{"line":4,"column":26},"end":{"line":8,"column":46}},"1":{"start":{"line":9,"column":2},"end":{"line":9,"column":25}},"2":{"start":{"line":9,"column":13},"end":{"line":9,"column":25}},"3":{"start":{"line":10,"column":2},"end":{"line":10,"column":14}},"4":{"start":{"line":19,"column":26},"end":{"line":23,"column":13}},"5":{"start":{"line":24,"column":2},"end":{"line":24,"column":25}},"6":{"start":{"line":24,"column":13},"end":{"line":24,"column":25}},"7":{"start":{"line":25,"column":2},"end":{"line":25,"column":14}},"8":{"start":{"line":29,"column":26},"end":{"line":33,"column":24}},"9":{"start":{"line":34,"column":2},"end":{"line":34,"column":25}},"10":{"start":{"line":34,"column":13},"end":{"line":34,"column":25}},"11":{"start":{"line":35,"column":2},"end":{"line":35,"column":14}},"12":{"start":{"line":43,"column":26},"end":{"line":47,"column":13}},"13":{"start":{"line":48,"column":2},"end":{"line":48,"column":25}},"14":{"start":{"line":48,"column":13},"end":{"line":48,"column":25}},"15":{"start":{"line":49,"column":2},"end":{"line":49,"column":14}}},"fnMap":{"0":{"name":"getThreadsByCourse","decl":{"start":{"line":3,"column":22},"end":{"line":3,"column":40}},"loc":{"start":{"line":3,"column":59},"end":{"line":11,"column":1}},"line":3},"1":{"name":"createThread","decl":{"start":{"line":13,"column":22},"end":{"line":13,"column":34}},"loc":{"start":{"line":18,"column":3},"end":{"line":26,"column":1}},"line":18},"2":{"name":"getReplies","decl":{"start":{"line":28,"column":22},"end":{"line":28,"column":32}},"loc":{"start":{"line":28,"column":51},"end":{"line":36,"column":1}},"line":28},"3":{"name":"createReply","decl":{"start":{"line":38,"column":22},"end":{"line":38,"column":33}},"loc":{"start":{"line":42,"column":3},"end":{"line":50,"column":1}},"line":42}},"branchMap":{"0":{"loc":{"start":{"line":9,"column":2},"end":{"line":9,"column":25}},"type":"if","locations":[{"start":{"line":9,"column":2},"end":{"line":9,"column":25}},{"start":{},"end":{}}],"line":9},"1":{"loc":{"start":{"line":24,"column":2},"end":{"line":24,"column":25}},"type":"if","locations":[{"start":{"line":24,"column":2},"end":{"line":24,"column":25}},{"start":{},"end":{}}],"line":24},"2":{"loc":{"start":{"line":34,"column":2},"end":{"line":34,"column":25}},"type":"if","locations":[{"start":{"line":34,"column":2},"end":{"line":34,"column":25}},{"start":{},"end":{}}],"line":34},"3":{"loc":{"start":{"line":48,"column":2},"end":{"line":48,"column":25}},"type":"if","locations":[{"start":{"line":48,"column":2},"end":{"line":48,"column":25}},{"start":{},"end":{}}],"line":48}},"s":{"0":3,"1":2,"2":0,"3":2,"4":3,"5":2,"6":0,"7":2,"8":4,"9":3,"10":0,"11":3,"12":2,"13":1,"14":0,"15":1},"f":{"0":3,"1":3,"2":4,"3":2},"b":{"0":[0,2],"1":[0,2],"2":[0,3],"3":[0,1]},"_coverageSchema":"1a1c01bbd47fc00a2c39e90264f33305004495a9","hash":"20782586d11ef992d65f8a5a66211941cf699dc7"}
}
