TN:
SF:components/course-nav-bar.tsx
FN:29,CourseNavBar
FN:42,(anonymous_1)
FN:49,(anonymous_2)
FNF:3
FNH:3
FNDA:9,CourseNavBar
FNDA:36,(anonymous_1)
FNDA:5,(anonymous_2)
DA:16,1
DA:30,9
DA:31,9
DA:33,9
DA:43,36
DA:44,36
DA:45,36
DA:49,5
DA:67,1
LF:9
LH:9
BRDA:39,0,0,9
BRDA:39,0,1,0
BRDA:44,1,0,2
BRDA:44,1,1,34
BRDA:54,2,0,2
BRDA:54,2,1,34
BRDA:59,3,0,36
BRDA:59,3,1,2
BRDA:71,4,0,1
BRDA:71,4,1,0
BRF:10
BRH:8
end_of_record
TN:
SF:components/course-section-shell.tsx
FN:14,getTabPath
FN:48,CourseSectionShell
FN:68,(anonymous_2)
FN:87,(anonymous_3)
FN:111,(anonymous_4)
FN:117,(anonymous_5)
FN:147,makeStyles
FNF:7
FNH:7
FNDA:6,getTabPath
FNDA:13,CourseSectionShell
FNDA:1,(anonymous_2)
FNDA:1,(anonymous_3)
FNDA:65,(anonymous_4)
FNDA:7,(anonymous_5)
FNDA:13,makeStyles
DA:15,6
DA:17,0
DA:19,2
DA:21,2
DA:23,1
DA:25,1
DA:29,1
DA:57,13
DA:58,13
DA:59,13
DA:61,13
DA:69,1
DA:87,1
DA:112,65
DA:113,65
DA:118,7
DA:119,6
DA:148,13
LF:18
LH:17
BRDA:15,0,0,0
BRDA:15,0,1,2
BRDA:15,0,2,2
BRDA:15,0,3,1
BRDA:15,0,4,1
BRDA:74,1,0,1
BRDA:74,1,1,1
BRDA:94,2,0,13
BRDA:94,2,1,1
BRDA:116,3,0,65
BRDA:116,3,1,13
BRDA:118,4,0,6
BRDA:118,4,1,1
BRDA:124,5,0,6
BRDA:124,5,1,5
BRDA:132,6,0,65
BRDA:132,6,1,13
BRDA:154,7,0,13
BRDA:154,7,1,0
BRF:19
BRH:17
end_of_record
TN:
SF:components/external-link.tsx
FN:7,ExternalLink
FN:13,(anonymous_1)
FNF:2
FNH:2
FNDA:4,ExternalLink
FNDA:3,(anonymous_1)
DA:8,4
DA:14,3
DA:16,3
DA:18,3
LF:4
LH:4
BRDA:14,0,0,3
BRDA:14,0,1,0
BRF:2
BRH:1
end_of_record
TN:
SF:components/haptic-tab.tsx
FN:5,HapticTab
FN:9,(anonymous_1)
FNF:2
FNH:2
FNDA:1,HapticTab
FNDA:1,(anonymous_1)
DA:6,1
DA:10,1
DA:12,1
DA:14,1
LF:4
LH:4
BRDA:10,0,0,1
BRDA:10,0,1,0
BRF:2
BRH:1
end_of_record
TN:
SF:components/hello-wave.tsx
FN:3,HelloWave
FNF:1
FNH:1
FNDA:1,HelloWave
DA:4,1
LF:1
LH:1
BRF:0
BRH:0
end_of_record
TN:
SF:components/material-list.tsx
FN:9,StarRating
FN:12,(anonymous_1)
FN:30,MaterialList
FN:35,(anonymous_3)
FN:51,(anonymous_4)
FN:52,(anonymous_5)
FN:55,(anonymous_6)
FN:78,(anonymous_7)
FN:90,(anonymous_8)
FN:96,makeStyles
FNF:10
FNH:8
FNDA:4,StarRating
FNDA:20,(anonymous_1)
FNDA:7,MaterialList
FNDA:0,(anonymous_3)
FNDA:18,(anonymous_4)
FNDA:13,(anonymous_5)
FNDA:0,(anonymous_6)
FNDA:1,(anonymous_7)
FNDA:8,(anonymous_8)
FNDA:7,makeStyles
DA:10,4
DA:13,20
DA:31,7
DA:32,7
DA:34,7
DA:35,7
DA:36,0
DA:39,7
DA:40,2
DA:48,5
DA:51,18
DA:53,13
DA:55,0
DA:78,1
DA:90,8
DA:97,7
LF:16
LH:14
BRDA:15,0,0,16
BRDA:15,0,1,4
BRDA:30,1,0,6
BRDA:39,2,0,2
BRDA:39,2,1,5
BRDA:60,3,0,13
BRDA:60,3,1,13
BRDA:71,4,0,4
BRDA:71,4,1,9
BRDA:72,5,0,4
BRDA:72,5,1,9
BRDA:75,6,0,13
BRDA:75,6,1,4
BRF:13
BRH:13
end_of_record
TN:
SF:components/parallax-scroll-view.tsx
FN:21,ParallaxScrollView
FN:30,(anonymous_1)
FNF:2
FNH:1
FNDA:1,ParallaxScrollView
FNDA:0,(anonymous_1)
DA:14,1
DA:26,1
DA:27,1
DA:28,1
DA:29,1
DA:30,1
DA:31,0
DA:47,1
DA:65,1
LF:9
LH:8
BRDA:27,0,0,1
BRDA:27,0,1,0
BRF:2
BRH:1
end_of_record
TN:
SF:components/themed-text.tsx
FN:11,ThemedText
FNF:1
FNH:1
FNDA:9,ThemedText
DA:18,9
DA:20,9
DA:36,1
LF:3
LH:3
BRDA:15,0,0,5
BRDA:24,1,0,5
BRDA:24,1,1,4
BRDA:25,2,0,1
BRDA:25,2,1,8
BRDA:26,3,0,1
BRDA:26,3,1,8
BRDA:27,4,0,1
BRDA:27,4,1,8
BRDA:28,5,0,1
BRDA:28,5,1,8
BRF:11
BRH:11
end_of_record
TN:
SF:components/themed-view.tsx
FN:10,ThemedView
FNF:1
FNH:1
FNDA:3,ThemedView
DA:11,3
DA:13,3
LF:2
LH:2
BRF:0
BRH:0
end_of_record
TN:
SF:components/ui/collapsible.tsx
FN:10,Collapsible
FN:18,(anonymous_1)
FN:18,(anonymous_2)
FNF:3
FNH:3
FNDA:9,Collapsible
FNDA:4,(anonymous_1)
FNDA:4,(anonymous_2)
DA:11,9
DA:12,9
DA:14,9
DA:18,4
DA:35,1
LF:5
LH:5
BRDA:12,0,0,9
BRDA:12,0,1,0
BRDA:24,1,0,8
BRDA:24,1,1,1
BRDA:25,2,0,3
BRDA:25,2,1,6
BRDA:30,3,0,9
BRDA:30,3,1,3
BRF:8
BRH:7
end_of_record
TN:
SF:components/ui/icon-symbol.ios.tsx
FN:4,IconSymbol
FNF:1
FNH:1
FNDA:7,IconSymbol
DA:19,7
LF:1
LH:1
BRDA:6,0,0,0
BRDA:9,1,0,7
BRF:2
BRH:1
end_of_record
TN:
SF:components/ui/icon-symbol.tsx
FN:28,IconSymbol
FNF:1
FNH:0
FNDA:0,IconSymbol
DA:16,0
DA:42,0
LF:2
LH:0
BRDA:30,0,0,0
BRF:1
BRH:0
end_of_record
TN:
SF:constants/courses.ts
FNF:0
FNH:0
DA:39,1
DA:66,1
DA:84,1
DA:95,1
LF:4
LH:4
BRF:0
BRH:0
end_of_record
TN:
SF:constants/theme.ts
FNF:0
FNH:0
DA:45,14
DA:77,14
DA:110,14
DA:111,14
DA:113,14
DA:132,14
LF:6
LH:6
BRF:0
BRH:0
end_of_record
TN:
SF:constants/user.ts
FNF:0
FNH:0
DA:1,1
LF:1
LH:1
BRF:0
BRH:0
end_of_record
TN:
SF:contexts/theme-context.tsx
FN:18,(anonymous_0)
FN:22,ThemeProvider
FN:27,(anonymous_2)
FN:28,(anonymous_3)
FN:35,(anonymous_4)
FN:50,useThemeContext
FNF:6
FNH:5
FNDA:0,(anonymous_0)
FNDA:6,ThemeProvider
FNDA:4,(anonymous_2)
FNDA:4,(anonymous_3)
FNDA:1,(anonymous_4)
FNDA:6,useThemeContext
DA:14,4
DA:16,4
DA:23,6
DA:24,6
DA:27,6
DA:28,4
DA:29,4
DA:30,1
DA:35,6
DA:36,1
DA:37,1
DA:40,6
DA:41,6
DA:43,6
DA:51,6
LF:15
LH:15
BRDA:29,0,0,1
BRDA:29,0,1,3
BRDA:29,1,0,4
BRDA:29,1,1,3
BRDA:29,1,2,3
BRDA:40,2,0,4
BRDA:40,2,1,2
BRDA:40,3,0,4
BRDA:40,3,1,1
BRDA:41,4,0,3
BRDA:41,4,1,3
BRF:11
BRH:11
end_of_record
TN:
SF:hooks/use-app-theme.ts
FN:4,useAppTheme
FNF:1
FNH:1
FNDA:1,useAppTheme
DA:5,1
LF:1
LH:1
BRF:0
BRH:0
end_of_record
TN:
SF:hooks/use-color-scheme.ts
FNF:0
FNH:0
LF:0
LH:0
BRF:0
BRH:0
end_of_record
TN:
SF:hooks/use-color-scheme.web.ts
FN:7,useColorScheme
FN:10,(anonymous_1)
FNF:2
FNH:2
FNDA:2,useColorScheme
FNDA:1,(anonymous_1)
DA:8,2
DA:10,2
DA:11,1
DA:14,2
DA:16,2
DA:17,1
DA:20,1
LF:7
LH:7
BRDA:16,0,0,1
BRDA:16,0,1,1
BRF:2
BRH:2
end_of_record
TN:
SF:hooks/use-theme-color.ts
FN:9,useThemeColor
FNF:1
FNH:1
FNDA:6,useThemeColor
DA:13,6
DA:14,6
DA:16,6
DA:17,1
DA:19,5
LF:5
LH:5
BRDA:13,0,0,6
BRDA:13,0,1,1
BRDA:16,1,0,1
BRDA:16,1,1,5
BRF:4
BRH:4
end_of_record
TN:
SF:services/bookmarks.ts
FN:3,getBookmarks
FN:13,addBookmark
FN:23,removeBookmark
FNF:3
FNH:3
FNDA:4,getBookmarks
FNDA:4,addBookmark
FNDA:2,removeBookmark
DA:4,4
DA:9,3
DA:10,3
DA:14,4
DA:19,3
DA:20,3
DA:24,2
DA:29,1
LF:8
LH:8
BRDA:9,0,0,0
BRDA:9,0,1,3
BRDA:19,1,0,0
BRDA:19,1,1,3
BRDA:29,2,0,0
BRDA:29,2,1,1
BRF:6
BRH:3
end_of_record
TN:
SF:services/courses.ts
FN:3,getCourses
FN:12,getCourseById
FNF:2
FNH:2
FNDA:5,getCourses
FNDA:4,getCourseById
DA:4,5
DA:8,4
DA:9,4
DA:13,4
DA:18,3
DA:19,3
LF:6
LH:6
BRDA:8,0,0,0
BRDA:8,0,1,4
BRDA:18,1,0,0
BRDA:18,1,1,3
BRF:4
BRH:2
end_of_record
TN:
SF:services/materials.ts
FN:3,getMaterialsByCourse
FN:13,getMaterialsByType
FN:23,uploadMaterial
FNF:3
FNH:3
FNDA:4,getMaterialsByCourse
FNDA:7,getMaterialsByType
FNDA:3,uploadMaterial
DA:4,4
DA:9,3
DA:10,3
DA:14,7
DA:19,6
DA:20,6
DA:32,3
DA:37,2
DA:38,2
LF:9
LH:9
BRDA:9,0,0,0
BRDA:9,0,1,3
BRDA:19,1,0,0
BRDA:19,1,1,6
BRDA:37,2,0,0
BRDA:37,2,1,2
BRF:6
BRH:3
end_of_record
TN:
SF:services/reviews.ts
FN:3,getReviewsByMaterial
FN:13,createReview
FN:28,deleteReview
FNF:3
FNH:3
FNDA:3,getReviewsByMaterial
FNDA:5,createReview
FNDA:2,deleteReview
DA:4,3
DA:9,2
DA:10,2
DA:19,5
DA:24,4
DA:25,4
DA:29,2
DA:33,1
LF:8
LH:8
BRDA:9,0,0,0
BRDA:9,0,1,2
BRDA:24,1,0,0
BRDA:24,1,1,4
BRDA:33,2,0,0
BRDA:33,2,1,1
BRF:6
BRH:3
end_of_record
TN:
SF:services/subscriptions.ts
FN:3,getSubscriptions
FN:13,subscribe
FN:23,unsubscribe
FNF:3
FNH:3
FNDA:3,getSubscriptions
FNDA:3,subscribe
FNDA:2,unsubscribe
DA:4,3
DA:9,2
DA:10,2
DA:14,3
DA:19,2
DA:20,2
DA:24,2
DA:29,1
LF:8
LH:8
BRDA:9,0,0,0
BRDA:9,0,1,2
BRDA:19,1,0,0
BRDA:19,1,1,2
BRDA:29,2,0,0
BRDA:29,2,1,1
BRF:6
BRH:3
end_of_record
TN:
SF:services/threads.ts
FN:3,getThreadsByCourse
FN:13,createThread
FN:28,getReplies
FN:38,createReply
FNF:4
FNH:4
FNDA:3,getThreadsByCourse
FNDA:3,createThread
FNDA:4,getReplies
FNDA:2,createReply
DA:4,3
DA:9,2
DA:10,2
DA:19,3
DA:24,2
DA:25,2
DA:29,4
DA:34,3
DA:35,3
DA:43,2
DA:48,1
DA:49,1
LF:12
LH:12
BRDA:9,0,0,0
BRDA:9,0,1,2
BRDA:24,1,0,0
BRDA:24,1,1,2
BRDA:34,2,0,0
BRDA:34,2,1,3
BRDA:48,3,0,0
BRDA:48,3,1,1
BRF:8
BRH:4
end_of_record
